<?xml version="1.0" encoding="UTF-8" standalone="no"?><testsuite errors="1" failures="0" name="Login Serenity" skipped="0" tests="1" time="57.83" timestamp="2023-11-23 05:56:09"><testcase name="Login successfully in Serenity"><error message="invalid selector: Unable to locate an element with the xpath expression //div[@id='s_sidebar_group1']/h5'] because of the following error:&#10;SyntaxError: Failed to execute 'evaluate' on 'Document': The string '//div[@id='s_sidebar_group1']/h5']' is not a valid XPath expression.&#10;  (Session info: MicrosoftEdge=118.0.2088.76)&#10;For documentation on this error, please visit: https://selenium.dev/exceptions/#invalid_selector_exception&#10;Build info: version: '4.7.1', revision: 'c6795baf1a3'&#10;System info: os.name: 'Windows 10', os.arch: 'amd64', os.version: '10.0', java.version: '11.0.20'&#10;Driver info: org.openqa.selenium.edge.EdgeDriver&#10;Command: [8f48f1700770367fbdc177daff563afb, findElement {using=xpath, value=//div[@id='s_sidebar_group1']/h5']}]&#10;Capabilities {acceptInsecureCerts: false, browserName: msedge, browserVersion: 118.0.2088.76, fedcm:accounts: true, ms:edgeOptions: {debuggerAddress: localhost:57373}, msedge: {msedgedriverVersion: 118.0.2088.109 (e535823fa23..., userDataDir: C:\Users\JOSAND~1\AppData\L...}, networkConnectionEnabled: false, pageLoadStrategy: normal, platformName: WINDOWS, proxy: Proxy(), se:cdp: ws://localhost:57373/devtoo..., se:cdpVersion: 118.0.2088.76, setWindowRect: true, strictFileInteractability: false, timeouts: {implicit: 0, pageLoad: 300000, script: 30000}, unhandledPromptBehavior: dismiss and notify, webauthn:extension:credBlob: true, webauthn:extension:largeBlob: true, webauthn:extension:minPinLength: true, webauthn:extension:prf: true, webauthn:virtualAuthenticators: true}&#10;Session ID: 8f48f1700770367fbdc177daff563afb&#10;For documentation on this error, please visit: https://selenium.dev/exceptions/#invalid_selector_exception&#10;Build info: version: '4.7.1', revision: 'c6795baf1a3'&#10;System info: os.name: 'Windows 10', os.arch: 'amd64', os.version: '10.0', java.version: '11.0.20'&#10;Driver info: driver.version: unknown" type="org.openqa.selenium.InvalidSelectorException">invalid selector: Unable to locate an element with the xpath expression //div[@id='s_sidebar_group1']/h5'] because of the following error:
SyntaxError: Failed to execute 'evaluate' on 'Document': The string '//div[@id='s_sidebar_group1']/h5']' is not a valid XPath expression.
  (Session info: MicrosoftEdge=118.0.2088.76)
For documentation on this error, please visit: https://selenium.dev/exceptions/#invalid_selector_exception
Build info: version: '4.7.1', revision: 'c6795baf1a3'
System info: os.name: 'Windows 10', os.arch: 'amd64', os.version: '10.0', java.version: '11.0.20'
Driver info: org.openqa.selenium.edge.EdgeDriver
Command: [8f48f1700770367fbdc177daff563afb, findElement {using=xpath, value=//div[@id='s_sidebar_group1']/h5']}]
Capabilities {acceptInsecureCerts: false, browserName: msedge, browserVersion: 118.0.2088.76, fedcm:accounts: true, ms:edgeOptions: {debuggerAddress: localhost:57373}, msedge: {msedgedriverVersion: 118.0.2088.109 (e535823fa23..., userDataDir: C:\Users\JOSAND~1\AppData\L...}, networkConnectionEnabled: false, pageLoadStrategy: normal, platformName: WINDOWS, proxy: Proxy(), se:cdp: ws://localhost:57373/devtoo..., se:cdpVersion: 118.0.2088.76, setWindowRect: true, strictFileInteractability: false, timeouts: {implicit: 0, pageLoad: 300000, script: 30000}, unhandledPromptBehavior: dismiss and notify, webauthn:extension:credBlob: true, webauthn:extension:largeBlob: true, webauthn:extension:minPinLength: true, webauthn:extension:prf: true, webauthn:virtualAuthenticators: true}
Session ID: 8f48f1700770367fbdc177daff563afb
For documentation on this error, please visit: https://selenium.dev/exceptions/#invalid_selector_exception
Build info: version: '4.7.1', revision: 'c6795baf1a3'
System info: os.name: 'Windows 10', os.arch: 'amd64', os.version: '10.0', java.version: '11.0.20'
Driver info: driver.version: unknown</error><system-err>invalid selector: Unable to locate an element with the xpath expression //div[@id='s_sidebar_group1']/h5'] because of the following error:
SyntaxError: Failed to execute 'evaluate' on 'Document': The string '//div[@id='s_sidebar_group1']/h5']' is not a valid XPath expression.
  (Session info: MicrosoftEdge=118.0.2088.76)
For documentation on this error, please visit: https://selenium.dev/exceptions/#invalid_selector_exception
Build info: version: '4.7.1', revision: 'c6795baf1a3'
System info: os.name: 'Windows 10', os.arch: 'amd64', os.version: '10.0', java.version: '11.0.20'
Driver info: org.openqa.selenium.edge.EdgeDriver
Command: [8f48f1700770367fbdc177daff563afb, findElement {using=xpath, value=//div[@id='s_sidebar_group1']/h5']}]
Capabilities {acceptInsecureCerts: false, browserName: msedge, browserVersion: 118.0.2088.76, fedcm:accounts: true, ms:edgeOptions: {debuggerAddress: localhost:57373}, msedge: {msedgedriverVersion: 118.0.2088.109 (e535823fa23..., userDataDir: C:\Users\JOSAND~1\AppData\L...}, networkConnectionEnabled: false, pageLoadStrategy: normal, platformName: WINDOWS, proxy: Proxy(), se:cdp: ws://localhost:57373/devtoo..., se:cdpVersion: 118.0.2088.76, setWindowRect: true, strictFileInteractability: false, timeouts: {implicit: 0, pageLoad: 300000, script: 30000}, unhandledPromptBehavior: dismiss and notify, webauthn:extension:credBlob: true, webauthn:extension:largeBlob: true, webauthn:extension:minPinLength: true, webauthn:extension:prf: true, webauthn:virtualAuthenticators: true}
Session ID: 8f48f1700770367fbdc177daff563afb
For documentation on this error, please visit: https://selenium.dev/exceptions/#invalid_selector_exception
Build info: version: '4.7.1', revision: 'c6795baf1a3'
System info: os.name: 'Windows 10', os.arch: 'amd64', os.version: '10.0', java.version: '11.0.20'
Driver info: driver.version: unknown&#13;
com.Serenity.steps.ProfileSteps.valedateProfile(ProfileSteps.java:24)&#13;
com.Serenity.stepDefinitions.LoginSerenityStepDef.userSuccessfullyAccessesTheirProfile(LoginSerenityStepDef.java:42)&#13;
✽.User successfully accesses their profile(file:///C:/Users/JoséAndrésMurilloMan/IdeaProjects/RetoSerenity/src/test/resources/features/LoginSerenity.feature:5)&#13;
</system-err></testcase></testsuite>